********************************************************************************
*                         Sunday, 28 May 2017 16:04:44                         *
********************************************************************************
CSharpCompilerWrapper.exe version: 2.0.3.30
Platform: Mac
Target assembly: Assembly-CSharp.dll
Project directory: /Users/valenciohoffman/Documents/Werk/Super-Custom-Robot-Arena/Game/Mobots_menu
Target profile directory: /Applications/Unity/Unity.app/Contents/Mono/lib/mono/unity
Unity 'Data' or 'Frameworks' directory: /Applications/Unity/Unity.app/Contents
Compiler: Microsoft C# 6.0

- Compilation -----------------------------------------------

Process: /Library/Frameworks/Mono.framework/Commands/mono
Arguments: "/Users/valenciohoffman/Documents/Werk/Super-Custom-Robot-Arena/Game/Mobots_menu/CSharp60Support/Roslyn/csc.exe" -nostdlib+ -noconfig -nologo -r:"/Applications/Unity/Unity.app/Contents/Mono/lib/mono/unity/mscorlib.dll" -r:"/Applications/Unity/Unity.app/Contents/Mono/lib/mono/unity/System.dll" -r:"/Applications/Unity/Unity.app/Contents/Mono/lib/mono/unity/System.Core.dll" -r:"/Applications/Unity/Unity.app/Contents/Mono/lib/mono/unity/System.Xml.dll" @Temp/UnityTempFile-8e0e9855f3562487ab339147fd53939d -debug-
Exit code: 0
Elapsed time: 2.21 sec

- Compiler output (0 lines):

- Compiler errors (0 lines):

PDB to MDB conversion skipped
********************************************************************************
*                         Sunday, 28 May 2017 16:04:47                         *
********************************************************************************
CSharpCompilerWrapper.exe version: 2.0.3.30
Platform: Mac
Target assembly: Assembly-CSharp-Editor.dll
Project directory: /Users/valenciohoffman/Documents/Werk/Super-Custom-Robot-Arena/Game/Mobots_menu
Target profile directory: /Applications/Unity/Unity.app/Contents/MonoBleedingEdge/lib/mono/2.0-api
Unity 'Data' or 'Frameworks' directory: /Applications/Unity/Unity.app/Contents
Compiler: Microsoft C# 6.0

- Compilation -----------------------------------------------

Process: /Library/Frameworks/Mono.framework/Commands/mono
Arguments: "/Users/valenciohoffman/Documents/Werk/Super-Custom-Robot-Arena/Game/Mobots_menu/CSharp60Support/Roslyn/csc.exe" -nostdlib+ -noconfig -nologo -r:"/Applications/Unity/Unity.app/Contents/MonoBleedingEdge/lib/mono/2.0-api/mscorlib.dll" -r:"/Applications/Unity/Unity.app/Contents/MonoBleedingEdge/lib/mono/2.0-api/System.dll" -r:"/Applications/Unity/Unity.app/Contents/MonoBleedingEdge/lib/mono/2.0-api/System.Core.dll" -r:"/Applications/Unity/Unity.app/Contents/MonoBleedingEdge/lib/mono/2.0-api/System.Xml.dll" @Temp/UnityTempFile-2f47f980f26444c3fb2ab73ce6dcc423 -debug-
Exit code: 0
Elapsed time: 1.18 sec

- Compiler output (0 lines):

- Compiler errors (0 lines):

PDB to MDB conversion skipped
********************************************************************************
*                         Sunday, 28 May 2017 16:07:50                         *
********************************************************************************
CSharpCompilerWrapper.exe version: 2.0.3.30
Platform: Mac
Target assembly: Assembly-CSharp.dll
Project directory: /Users/valenciohoffman/Documents/Werk/Super-Custom-Robot-Arena/Game/Mobots_menu
Target profile directory: /Applications/Unity/Unity.app/Contents/Mono/lib/mono/unity
Unity 'Data' or 'Frameworks' directory: /Applications/Unity/Unity.app/Contents
Compiler: Microsoft C# 6.0

- Compilation -----------------------------------------------

Process: /Library/Frameworks/Mono.framework/Commands/mono
Arguments: "/Users/valenciohoffman/Documents/Werk/Super-Custom-Robot-Arena/Game/Mobots_menu/CSharp60Support/Roslyn/csc.exe" -nostdlib+ -noconfig -nologo -r:"/Applications/Unity/Unity.app/Contents/Mono/lib/mono/unity/mscorlib.dll" -r:"/Applications/Unity/Unity.app/Contents/Mono/lib/mono/unity/System.dll" -r:"/Applications/Unity/Unity.app/Contents/Mono/lib/mono/unity/System.Core.dll" -r:"/Applications/Unity/Unity.app/Contents/Mono/lib/mono/unity/System.Xml.dll" @Temp/UnityTempFile-45e508f267c4445ef94fd04f6074f85e -debug-
Exit code: 0
Elapsed time: 2.74 sec

- Compiler output (0 lines):

- Compiler errors (0 lines):

PDB to MDB conversion skipped
********************************************************************************
*                         Sunday, 28 May 2017 16:07:53                         *
********************************************************************************
CSharpCompilerWrapper.exe version: 2.0.3.30
Platform: Mac
Target assembly: Assembly-CSharp-Editor.dll
Project directory: /Users/valenciohoffman/Documents/Werk/Super-Custom-Robot-Arena/Game/Mobots_menu
Target profile directory: /Applications/Unity/Unity.app/Contents/MonoBleedingEdge/lib/mono/2.0-api
Unity 'Data' or 'Frameworks' directory: /Applications/Unity/Unity.app/Contents
Compiler: Microsoft C# 6.0

- Compilation -----------------------------------------------

Process: /Library/Frameworks/Mono.framework/Commands/mono
Arguments: "/Users/valenciohoffman/Documents/Werk/Super-Custom-Robot-Arena/Game/Mobots_menu/CSharp60Support/Roslyn/csc.exe" -nostdlib+ -noconfig -nologo -r:"/Applications/Unity/Unity.app/Contents/MonoBleedingEdge/lib/mono/2.0-api/mscorlib.dll" -r:"/Applications/Unity/Unity.app/Contents/MonoBleedingEdge/lib/mono/2.0-api/System.dll" -r:"/Applications/Unity/Unity.app/Contents/MonoBleedingEdge/lib/mono/2.0-api/System.Core.dll" -r:"/Applications/Unity/Unity.app/Contents/MonoBleedingEdge/lib/mono/2.0-api/System.Xml.dll" @Temp/UnityTempFile-5c68005db86924e8d90d179bcc35b14f -debug-
Exit code: 0
Elapsed time: 1.70 sec

- Compiler output (0 lines):

- Compiler errors (0 lines):

PDB to MDB conversion skipped
********************************************************************************
*                         Sunday, 28 May 2017 16:12:02                         *
********************************************************************************
CSharpCompilerWrapper.exe version: 2.0.3.30
Platform: Mac
Target assembly: Assembly-CSharp.dll
Project directory: /Users/valenciohoffman/Documents/Werk/Super-Custom-Robot-Arena/Game/Mobots_menu
Target profile directory: /Applications/Unity/Unity.app/Contents/Mono/lib/mono/unity
Unity 'Data' or 'Frameworks' directory: /Applications/Unity/Unity.app/Contents
Compiler: Microsoft C# 6.0

- Compilation -----------------------------------------------

Process: /Library/Frameworks/Mono.framework/Commands/mono
Arguments: "/Users/valenciohoffman/Documents/Werk/Super-Custom-Robot-Arena/Game/Mobots_menu/CSharp60Support/Roslyn/csc.exe" -nostdlib+ -noconfig -nologo -r:"/Applications/Unity/Unity.app/Contents/Mono/lib/mono/unity/mscorlib.dll" -r:"/Applications/Unity/Unity.app/Contents/Mono/lib/mono/unity/System.dll" -r:"/Applications/Unity/Unity.app/Contents/Mono/lib/mono/unity/System.Core.dll" -r:"/Applications/Unity/Unity.app/Contents/Mono/lib/mono/unity/System.Xml.dll" @Temp/UnityTempFile-6c8a297149c4444d49b87c6ad1b329ad -debug-
Exit code: 0
Elapsed time: 2.77 sec

- Compiler output (0 lines):

- Compiler errors (0 lines):

PDB to MDB conversion skipped
********************************************************************************
*                         Sunday, 28 May 2017 16:12:05                         *
********************************************************************************
CSharpCompilerWrapper.exe version: 2.0.3.30
Platform: Mac
Target assembly: Assembly-CSharp-Editor.dll
Project directory: /Users/valenciohoffman/Documents/Werk/Super-Custom-Robot-Arena/Game/Mobots_menu
Target profile directory: /Applications/Unity/Unity.app/Contents/MonoBleedingEdge/lib/mono/2.0-api
Unity 'Data' or 'Frameworks' directory: /Applications/Unity/Unity.app/Contents
Compiler: Microsoft C# 6.0

- Compilation -----------------------------------------------

Process: /Library/Frameworks/Mono.framework/Commands/mono
Arguments: "/Users/valenciohoffman/Documents/Werk/Super-Custom-Robot-Arena/Game/Mobots_menu/CSharp60Support/Roslyn/csc.exe" -nostdlib+ -noconfig -nologo -r:"/Applications/Unity/Unity.app/Contents/MonoBleedingEdge/lib/mono/2.0-api/mscorlib.dll" -r:"/Applications/Unity/Unity.app/Contents/MonoBleedingEdge/lib/mono/2.0-api/System.dll" -r:"/Applications/Unity/Unity.app/Contents/MonoBleedingEdge/lib/mono/2.0-api/System.Core.dll" -r:"/Applications/Unity/Unity.app/Contents/MonoBleedingEdge/lib/mono/2.0-api/System.Xml.dll" @Temp/UnityTempFile-02d7fb10939034658a5ca34989483572 -debug-
Exit code: 0
Elapsed time: 1.70 sec

- Compiler output (0 lines):

- Compiler errors (0 lines):

PDB to MDB conversion skipped
********************************************************************************
*                         Sunday, 28 May 2017 16:12:51                         *
********************************************************************************
CSharpCompilerWrapper.exe version: 2.0.3.30
Platform: Mac
Target assembly: Assembly-CSharp.dll
Project directory: /Users/valenciohoffman/Documents/Werk/Super-Custom-Robot-Arena/Game/Mobots_menu
Target profile directory: /Applications/Unity/Unity.app/Contents/Mono/lib/mono/unity
Unity 'Data' or 'Frameworks' directory: /Applications/Unity/Unity.app/Contents
Compiler: Microsoft C# 6.0

- Compilation -----------------------------------------------

Process: /Library/Frameworks/Mono.framework/Commands/mono
Arguments: "/Users/valenciohoffman/Documents/Werk/Super-Custom-Robot-Arena/Game/Mobots_menu/CSharp60Support/Roslyn/csc.exe" -nostdlib+ -noconfig -nologo -r:"/Applications/Unity/Unity.app/Contents/Mono/lib/mono/unity/mscorlib.dll" -r:"/Applications/Unity/Unity.app/Contents/Mono/lib/mono/unity/System.dll" -r:"/Applications/Unity/Unity.app/Contents/Mono/lib/mono/unity/System.Core.dll" -r:"/Applications/Unity/Unity.app/Contents/Mono/lib/mono/unity/System.Xml.dll" @Temp/UnityTempFile-f9cdb05375589451aa29d68d31aac4f0 -debug-
Exit code: 0
Elapsed time: 2.72 sec

- Compiler output (0 lines):

- Compiler errors (0 lines):

PDB to MDB conversion skipped
********************************************************************************
*                         Sunday, 28 May 2017 16:12:54                         *
********************************************************************************
CSharpCompilerWrapper.exe version: 2.0.3.30
Platform: Mac
Target assembly: Assembly-CSharp-Editor.dll
Project directory: /Users/valenciohoffman/Documents/Werk/Super-Custom-Robot-Arena/Game/Mobots_menu
Target profile directory: /Applications/Unity/Unity.app/Contents/MonoBleedingEdge/lib/mono/2.0-api
Unity 'Data' or 'Frameworks' directory: /Applications/Unity/Unity.app/Contents
Compiler: Microsoft C# 6.0

- Compilation -----------------------------------------------

Process: /Library/Frameworks/Mono.framework/Commands/mono
Arguments: "/Users/valenciohoffman/Documents/Werk/Super-Custom-Robot-Arena/Game/Mobots_menu/CSharp60Support/Roslyn/csc.exe" -nostdlib+ -noconfig -nologo -r:"/Applications/Unity/Unity.app/Contents/MonoBleedingEdge/lib/mono/2.0-api/mscorlib.dll" -r:"/Applications/Unity/Unity.app/Contents/MonoBleedingEdge/lib/mono/2.0-api/System.dll" -r:"/Applications/Unity/Unity.app/Contents/MonoBleedingEdge/lib/mono/2.0-api/System.Core.dll" -r:"/Applications/Unity/Unity.app/Contents/MonoBleedingEdge/lib/mono/2.0-api/System.Xml.dll" @Temp/UnityTempFile-6583dfd7de1134017971bd08296142d9 -debug-
Exit code: 0
Elapsed time: 1.20 sec

- Compiler output (0 lines):

- Compiler errors (0 lines):

PDB to MDB conversion skipped
********************************************************************************
*                         Sunday, 28 May 2017 16:14:42                         *
********************************************************************************
CSharpCompilerWrapper.exe version: 2.0.3.30
Platform: Mac
Target assembly: Assembly-CSharp.dll
Project directory: /Users/valenciohoffman/Documents/Werk/Super-Custom-Robot-Arena/Game/Mobots_menu
Target profile directory: /Applications/Unity/Unity.app/Contents/Mono/lib/mono/unity
Unity 'Data' or 'Frameworks' directory: /Applications/Unity/Unity.app/Contents
Compiler: Microsoft C# 6.0

- Compilation -----------------------------------------------

Process: /Library/Frameworks/Mono.framework/Commands/mono
Arguments: "/Users/valenciohoffman/Documents/Werk/Super-Custom-Robot-Arena/Game/Mobots_menu/CSharp60Support/Roslyn/csc.exe" -nostdlib+ -noconfig -nologo -r:"/Applications/Unity/Unity.app/Contents/Mono/lib/mono/unity/mscorlib.dll" -r:"/Applications/Unity/Unity.app/Contents/Mono/lib/mono/unity/System.dll" -r:"/Applications/Unity/Unity.app/Contents/Mono/lib/mono/unity/System.Core.dll" -r:"/Applications/Unity/Unity.app/Contents/Mono/lib/mono/unity/System.Xml.dll" @Temp/UnityTempFile-9820940f3aaac46358352b98929d12da -debug-
Exit code: 0
Elapsed time: 2.77 sec

- Compiler output (0 lines):

- Compiler errors (0 lines):

PDB to MDB conversion skipped
********************************************************************************
*                         Sunday, 28 May 2017 16:14:45                         *
********************************************************************************
CSharpCompilerWrapper.exe version: 2.0.3.30
Platform: Mac
Target assembly: Assembly-CSharp-Editor.dll
Project directory: /Users/valenciohoffman/Documents/Werk/Super-Custom-Robot-Arena/Game/Mobots_menu
Target profile directory: /Applications/Unity/Unity.app/Contents/MonoBleedingEdge/lib/mono/2.0-api
Unity 'Data' or 'Frameworks' directory: /Applications/Unity/Unity.app/Contents
Compiler: Microsoft C# 6.0

- Compilation -----------------------------------------------

Process: /Library/Frameworks/Mono.framework/Commands/mono
Arguments: "/Users/valenciohoffman/Documents/Werk/Super-Custom-Robot-Arena/Game/Mobots_menu/CSharp60Support/Roslyn/csc.exe" -nostdlib+ -noconfig -nologo -r:"/Applications/Unity/Unity.app/Contents/MonoBleedingEdge/lib/mono/2.0-api/mscorlib.dll" -r:"/Applications/Unity/Unity.app/Contents/MonoBleedingEdge/lib/mono/2.0-api/System.dll" -r:"/Applications/Unity/Unity.app/Contents/MonoBleedingEdge/lib/mono/2.0-api/System.Core.dll" -r:"/Applications/Unity/Unity.app/Contents/MonoBleedingEdge/lib/mono/2.0-api/System.Xml.dll" @Temp/UnityTempFile-56c38e566a6e2468ab3fcf459fa8f50b -debug-
Exit code: 0
Elapsed time: 1.19 sec

- Compiler output (0 lines):

- Compiler errors (0 lines):

PDB to MDB conversion skipped
********************************************************************************
*                         Sunday, 28 May 2017 16:16:04                         *
********************************************************************************
CSharpCompilerWrapper.exe version: 2.0.3.30
Platform: Mac
Target assembly: Assembly-CSharp.dll
Project directory: /Users/valenciohoffman/Documents/Werk/Super-Custom-Robot-Arena/Game/Mobots_menu
Target profile directory: /Applications/Unity/Unity.app/Contents/Mono/lib/mono/unity
Unity 'Data' or 'Frameworks' directory: /Applications/Unity/Unity.app/Contents
Compiler: Microsoft C# 6.0

- Compilation -----------------------------------------------

Process: /Library/Frameworks/Mono.framework/Commands/mono
Arguments: "/Users/valenciohoffman/Documents/Werk/Super-Custom-Robot-Arena/Game/Mobots_menu/CSharp60Support/Roslyn/csc.exe" -nostdlib+ -noconfig -nologo -r:"/Applications/Unity/Unity.app/Contents/Mono/lib/mono/unity/mscorlib.dll" -r:"/Applications/Unity/Unity.app/Contents/Mono/lib/mono/unity/System.dll" -r:"/Applications/Unity/Unity.app/Contents/Mono/lib/mono/unity/System.Core.dll" -r:"/Applications/Unity/Unity.app/Contents/Mono/lib/mono/unity/System.Xml.dll" @Temp/UnityTempFile-5f4c3edc760cd4c78920ee000c6c8cda -debug-
Exit code: 0
Elapsed time: 2.27 sec

- Compiler output (0 lines):

- Compiler errors (0 lines):

PDB to MDB conversion skipped
********************************************************************************
*                         Sunday, 28 May 2017 16:16:07                         *
********************************************************************************
CSharpCompilerWrapper.exe version: 2.0.3.30
Platform: Mac
Target assembly: Assembly-CSharp-Editor.dll
Project directory: /Users/valenciohoffman/Documents/Werk/Super-Custom-Robot-Arena/Game/Mobots_menu
Target profile directory: /Applications/Unity/Unity.app/Contents/MonoBleedingEdge/lib/mono/2.0-api
Unity 'Data' or 'Frameworks' directory: /Applications/Unity/Unity.app/Contents
Compiler: Microsoft C# 6.0

- Compilation -----------------------------------------------

Process: /Library/Frameworks/Mono.framework/Commands/mono
Arguments: "/Users/valenciohoffman/Documents/Werk/Super-Custom-Robot-Arena/Game/Mobots_menu/CSharp60Support/Roslyn/csc.exe" -nostdlib+ -noconfig -nologo -r:"/Applications/Unity/Unity.app/Contents/MonoBleedingEdge/lib/mono/2.0-api/mscorlib.dll" -r:"/Applications/Unity/Unity.app/Contents/MonoBleedingEdge/lib/mono/2.0-api/System.dll" -r:"/Applications/Unity/Unity.app/Contents/MonoBleedingEdge/lib/mono/2.0-api/System.Core.dll" -r:"/Applications/Unity/Unity.app/Contents/MonoBleedingEdge/lib/mono/2.0-api/System.Xml.dll" @Temp/UnityTempFile-9404dd0a77e244ee38c8971c0934fb22 -debug-
Exit code: 0
Elapsed time: 1.19 sec

- Compiler output (0 lines):

- Compiler errors (0 lines):

PDB to MDB conversion skipped
********************************************************************************
*                         Sunday, 28 May 2017 16:19:06                         *
********************************************************************************
CSharpCompilerWrapper.exe version: 2.0.3.30
Platform: Mac
Target assembly: Assembly-CSharp.dll
Project directory: /Users/valenciohoffman/Documents/Werk/Super-Custom-Robot-Arena/Game/Mobots_menu
Target profile directory: /Applications/Unity/Unity.app/Contents/Mono/lib/mono/unity
Unity 'Data' or 'Frameworks' directory: /Applications/Unity/Unity.app/Contents
Compiler: Microsoft C# 6.0

- Compilation -----------------------------------------------

Process: /Library/Frameworks/Mono.framework/Commands/mono
Arguments: "/Users/valenciohoffman/Documents/Werk/Super-Custom-Robot-Arena/Game/Mobots_menu/CSharp60Support/Roslyn/csc.exe" -nostdlib+ -noconfig -nologo -r:"/Applications/Unity/Unity.app/Contents/Mono/lib/mono/unity/mscorlib.dll" -r:"/Applications/Unity/Unity.app/Contents/Mono/lib/mono/unity/System.dll" -r:"/Applications/Unity/Unity.app/Contents/Mono/lib/mono/unity/System.Core.dll" -r:"/Applications/Unity/Unity.app/Contents/Mono/lib/mono/unity/System.Xml.dll" @Temp/UnityTempFile-14592f59f00f948fea390b09c31b77fb -debug-
Exit code: 0
Elapsed time: 2.25 sec

- Compiler output (0 lines):

- Compiler errors (0 lines):

PDB to MDB conversion skipped
********************************************************************************
*                         Sunday, 28 May 2017 16:19:09                         *
********************************************************************************
CSharpCompilerWrapper.exe version: 2.0.3.30
Platform: Mac
Target assembly: Assembly-CSharp-Editor.dll
Project directory: /Users/valenciohoffman/Documents/Werk/Super-Custom-Robot-Arena/Game/Mobots_menu
Target profile directory: /Applications/Unity/Unity.app/Contents/MonoBleedingEdge/lib/mono/2.0-api
Unity 'Data' or 'Frameworks' directory: /Applications/Unity/Unity.app/Contents
Compiler: Microsoft C# 6.0

- Compilation -----------------------------------------------

Process: /Library/Frameworks/Mono.framework/Commands/mono
Arguments: "/Users/valenciohoffman/Documents/Werk/Super-Custom-Robot-Arena/Game/Mobots_menu/CSharp60Support/Roslyn/csc.exe" -nostdlib+ -noconfig -nologo -r:"/Applications/Unity/Unity.app/Contents/MonoBleedingEdge/lib/mono/2.0-api/mscorlib.dll" -r:"/Applications/Unity/Unity.app/Contents/MonoBleedingEdge/lib/mono/2.0-api/System.dll" -r:"/Applications/Unity/Unity.app/Contents/MonoBleedingEdge/lib/mono/2.0-api/System.Core.dll" -r:"/Applications/Unity/Unity.app/Contents/MonoBleedingEdge/lib/mono/2.0-api/System.Xml.dll" @Temp/UnityTempFile-8a5f1271500a94f75807b7e9f64f98df -debug-
Exit code: 0
Elapsed time: 1.19 sec

- Compiler output (0 lines):

- Compiler errors (0 lines):

PDB to MDB conversion skipped
